<?xml version="1.0" encoding="UTF-8"?>
<!-- Generated by org.testng.reporters.JUnitXMLReporter -->
<testsuite ignored="0" hostname="DESKTOP-OE2OV8O" failures="0" tests="5" name="PetStoreAPITests" time="8.166" errors="0" timestamp="2025-12-05T16:31:58 IST">
  <testcase classname="tests.CreatePetTest" name="createPetTest" time="3.074"/>
  <testcase classname="tests.GetPetTest" name="getPet" time="1.084"/>
  <testcase classname="tests.UpdatePetTest" name="updatePet" time="1.112"/>
  <testcase classname="tests.DeletePetTest" name="deletePet" time="1.061"/>
  <testcase classname="tests.UploadImageTest" name="uploadImage" time="1.392"/>
</testsuite> <!-- PetStoreAPITests -->
