<?xml version="1.0" encoding="UTF-8"?>
<testng-results ignored="0" total="1" passed="1" failed="0" skipped="0">
  <reporter-output>
  </reporter-output>
  <suite started-at="2025-12-05T15:03:43 IST" name="Default suite" finished-at="2025-12-05T15:03:50 IST" duration-ms="6957">
    <groups>
    </groups>
    <test started-at="2025-12-05T15:03:43 IST" name="Default test" finished-at="2025-12-05T15:03:50 IST" duration-ms="6957">
      <class name="FirstAPITesting.UploadImage">
        <test-method signature="uploadPetImage()[pri:0, instance:FirstAPITesting.UploadImage@4ec4f3a0]" started-at="2025-12-05T15:03:43 IST" name="uploadPetImage" finished-at="2025-12-05T15:03:50 IST" duration-ms="6843" status="PASS">
          <reporter-output>
          </reporter-output>
        </test-method> <!-- uploadPetImage -->
      </class> <!-- FirstAPITesting.UploadImage -->
    </test> <!-- Default test -->
  </suite> <!-- Default suite -->
</testng-results>
