<?xml version="1.0" encoding="UTF-8"?>
<testng-results ignored="0" total="5" passed="5" failed="0" skipped="0">
  <reporter-output>
  </reporter-output>
  <suite started-at="2025-12-05T16:31:50 IST" name="PetStoreAPISuite" finished-at="2025-12-05T16:31:58 IST" duration-ms="8166">
    <groups>
    </groups>
    <test started-at="2025-12-05T16:31:50 IST" name="PetStoreAPITests" finished-at="2025-12-05T16:31:58 IST" duration-ms="8166">
      <class name="tests.CreatePetTest">
        <test-method is-config="true" signature="setup()[pri:0, instance:tests.CreatePetTest@6302bbb1]" started-at="2025-12-05T16:31:50 IST" name="setup" finished-at="2025-12-05T16:31:50 IST" duration-ms="392" status="PASS">
          <reporter-output>
          </reporter-output>
        </test-method> <!-- setup -->
        <test-method signature="createPetTest()[pri:0, instance:tests.CreatePetTest@6302bbb1]" started-at="2025-12-05T16:31:50 IST" name="createPetTest" finished-at="2025-12-05T16:31:53 IST" duration-ms="3074" status="PASS">
          <reporter-output>
          </reporter-output>
        </test-method> <!-- createPetTest -->
      </class> <!-- tests.CreatePetTest -->
      <class name="tests.DeletePetTest">
        <test-method is-config="true" signature="setup()[pri:0, instance:tests.DeletePetTest@7cc0cdad]" started-at="2025-12-05T16:31:56 IST" name="setup" finished-at="2025-12-05T16:31:56 IST" duration-ms="1" status="PASS">
          <reporter-output>
          </reporter-output>
        </test-method> <!-- setup -->
        <test-method signature="deletePet()[pri:0, instance:tests.DeletePetTest@7cc0cdad]" started-at="2025-12-05T16:31:56 IST" name="deletePet" finished-at="2025-12-05T16:31:57 IST" duration-ms="1061" status="PASS">
          <reporter-output>
          </reporter-output>
        </test-method> <!-- deletePet -->
      </class> <!-- tests.DeletePetTest -->
      <class name="tests.GetPetTest">
        <test-method signature="getPet()[pri:0, instance:tests.GetPetTest@459e9125]" started-at="2025-12-05T16:31:53 IST" name="getPet" finished-at="2025-12-05T16:31:54 IST" duration-ms="1084" status="PASS">
          <reporter-output>
          </reporter-output>
        </test-method> <!-- getPet -->
        <test-method is-config="true" signature="setup()[pri:0, instance:tests.GetPetTest@459e9125]" started-at="2025-12-05T16:31:53 IST" name="setup" finished-at="2025-12-05T16:31:53 IST" duration-ms="0" status="PASS">
          <reporter-output>
          </reporter-output>
        </test-method> <!-- setup -->
      </class> <!-- tests.GetPetTest -->
      <class name="tests.UploadImageTest">
        <test-method is-config="true" signature="setup()[pri:0, instance:tests.UploadImageTest@7c7b252e]" started-at="2025-12-05T16:31:57 IST" name="setup" finished-at="2025-12-05T16:31:57 IST" duration-ms="2" status="PASS">
          <reporter-output>
          </reporter-output>
        </test-method> <!-- setup -->
        <test-method signature="uploadImage()[pri:0, instance:tests.UploadImageTest@7c7b252e]" started-at="2025-12-05T16:31:57 IST" name="uploadImage" finished-at="2025-12-05T16:31:58 IST" duration-ms="1392" status="PASS">
          <reporter-output>
          </reporter-output>
        </test-method> <!-- uploadImage -->
      </class> <!-- tests.UploadImageTest -->
      <class name="tests.UpdatePetTest">
        <test-method signature="updatePet()[pri:0, instance:tests.UpdatePetTest@128d2484]" started-at="2025-12-05T16:31:54 IST" name="updatePet" finished-at="2025-12-05T16:31:56 IST" duration-ms="1112" status="PASS">
          <reporter-output>
          </reporter-output>
        </test-method> <!-- updatePet -->
        <test-method is-config="true" signature="setup()[pri:0, instance:tests.UpdatePetTest@128d2484]" started-at="2025-12-05T16:31:54 IST" name="setup" finished-at="2025-12-05T16:31:54 IST" duration-ms="0" status="PASS">
          <reporter-output>
          </reporter-output>
        </test-method> <!-- setup -->
      </class> <!-- tests.UpdatePetTest -->
    </test> <!-- PetStoreAPITests -->
  </suite> <!-- PetStoreAPISuite -->
</testng-results>
